============================================
 Quick Capture Test - 2026. 03. 11. (수) 22:09:15 KST
============================================

>>> [Phase 1] 클럭 초기화 - 22:09:15
550400000
729600000
214300000
3199000000
/home/hyunia/work/mipi/rc.local: line 20: /sys/kernel/debug/camrtc/log-level: No such file or directory

>>> [Phase 2] 현재 상태 확인 - 22:09:16
--- video device ---
crw-rw---- 1 root video 81, 0  3월 11 21:46 /dev/video0
--- v4l2 format ---
Format Video Capture:
	Width/Height      : 1920/1080
	Pixel Format      : 'UYVY' (UYVY 4:2:2)
	Field             : None
	Bytes per Line    : 3840
	Size Image        : 4147200
	Colorspace        : sRGB
	Transfer Function : Default (maps to sRGB)
	YCbCr/HSV Encoding: Default (maps to ITU-R 601)
	Quantization      : Default (maps to Limited Range)
	Flags             : 

>>> [Phase 3] 화면 영상 표시 (5초) - 22:09:16
    nveglglessink 시도...
WARNING: erroneous pipeline: no element "nveglglessink"
    nveglglessink 실패, 다음 시도...
    xvimagesink 시도...
Setting pipeline to PAUSED ...
Pipeline is live and does not need PREROLL ...
Pipeline is PREROLLED ...
Setting pipeline to PLAYING ...
New clock: GstSystemClock
Redistribute latency...

>>> [Phase 4] 이미지 캡처 - 22:09:21
Setting pipeline to PAUSED ...
Pipeline is live and does not need PREROLL ...
Pipeline is PREROLLED ...
Setting pipeline to PLAYING ...
New clock: GstSystemClock
Redistribute latency...
Got EOS from element "pipeline0".
Execution ended after 0:00:00.132504836
Setting pipeline to NULL ...
Freeing pipeline ...
    캡처 파일: /home/hyunia/work/mipi/quick_capture_20260311_220921.jpg

>>> [Phase 5] dmesg - 22:09:22

============================================
 테스트 완료 - 2026. 03. 11. (수) 22:09:22 KST
============================================
로그: /home/hyunia/work/mipi/quick_capture_20260311_220915.log
