============================================
 Quick Capture Test - 2026. 03. 11. (수) 21:57:42 KST
============================================

>>> [Phase 1] 클럭 초기화 - 21:57:42
550400000
729600000
214300000
3199000000
/home/hyunia/work/mipi/rc.local: line 20: /sys/kernel/debug/camrtc/log-level: No such file or directory

>>> [Phase 2] 현재 상태 확인 - 21:57:44
--- video device ---
crw-rw---- 1 root video 81, 0  3월 11 21:46 /dev/video0
--- v4l2 format ---
Format Video Capture:
	Width/Height      : 1920/1080
	Pixel Format      : 'UYVY' (UYVY 4:2:2)
	Field             : None
	Bytes per Line    : 3840
	Size Image        : 4147200
	Colorspace        : sRGB
	Transfer Function : Default (maps to sRGB)
	YCbCr/HSV Encoding: Default (maps to ITU-R 601)
	Quantization      : Default (maps to Limited Range)
	Flags             : 

>>> [Phase 3] 화면 영상 표시 (5초) - 21:57:44
WARNING: erroneous pipeline: no element "nv3dsink"

>>> [Phase 4] 이미지 캡처 - 21:57:44
Setting pipeline to PAUSED ...
Pipeline is live and does not need PREROLL ...
Pipeline is PREROLLED ...
Setting pipeline to PLAYING ...
New clock: GstSystemClock
Redistribute latency...
Got EOS from element "pipeline0".
Execution ended after 0:00:00.137094731
Setting pipeline to NULL ...
Freeing pipeline ...
    캡처 파일: /home/hyunia/work/mipi/quick_capture_20260311_215744.jpg

>>> [Phase 5] dmesg - 21:57:44

============================================
 테스트 완료 - 2026. 03. 11. (수) 21:57:44 KST
============================================
로그: /home/hyunia/work/mipi/quick_capture_20260311_215742.log
