yunia@hyunia-jetson:~/work/mipi$ python3 view_camera.py 
카메라 뷰어 + VISCA 제어
========================================
  영상 창 클릭 후 키 입력:
  +/=  Zoom In       -  Zoom Out
  0    Zoom Home     f  Auto Focus
  a    Auto Exp      w  Auto WB
  q    종료
========================================
  [ELEMENT] name=prepare-window-handle
  [ELEMENT] name=have-window-handle
    field: window-handle = 8388610
  [ELEMENT] name=GstNavigationMessage
    field: type = event
    field: event = <Gst.Event object at 0xffff86de76a0 (GstEvent at 0xffff740036d0)>
  [ELEMENT] name=GstNavigationMessage
    field: type = event
    field: event = <Gst.Event object at 0xffff86de7640 (GstEvent at 0xffff74003740)>
  [ELEMENT] name=GstNavigationMessage
    field: type = event
    field: event = <Gst.Event object at 0xffff86de76a0 (GstEvent at 0xffff80001c30)>
  [ELEMENT] name=GstNavigationMessage
    field: type = event
    field: event = <Gst.Event object at 0xffff86de7640 (GstEvent at 0xffff80001ca0)>
  [ELEMENT] name=GstNavigationMessage
    field: type = event
    field: event = <Gst.Event object at 0xffff86de76a0 (GstEvent at 0xffff80001d10)>
  [ELEMENT] name=GstNavigationMessage
    field: type = event
    field: event = <Gst.Event object at 0xffff86de7640 (GstEvent at 0xffff80001d80)>
  [ELEMENT] name=GstNavigationMessage
    field: type = event
    field: event = <Gst.Event object at 0xffff86de76a0 (GstEvent at 0xffff80001df0)>
  [ELEMENT] name=GstNavigationMessage
    field: type = event
    field: event = <Gst.Event object at 0xffff86de7640 (GstEvent at 0xffff80001e60)>
  [ELEMENT] name=GstNavigationMessage
    field: type = event
    field: event = <Gst.Event object at 0xffff86de76a0 (GstEvent at 0xffff80001ed0)>
  [ELEMENT] name=GstNavigationMessage
    field: type = event
    field: event = <Gst.Event object at 0xffff86de7640 (GstEvent at 0xffff80001f40)>
  [ELEMENT] name=GstNavigationMessage
    field: type = event
    field: event = <Gst.Event object at 0xffff86de76a0 (GstEvent at 0xffff80002440)>
  [ELEMENT] name=GstNavigationMessage
    field: type = event
    field: event = <Gst.Event object at 0xffff86de7640 (GstEvent at 0xffff800024b0)>
  [ELEMENT] name=GstNavigationMessage
    field: type = event
    field: event = <Gst.Event object at 0xffff86de76a0 (GstEvent at 0xffff80002520)>
  [ELEMENT] name=GstNavigationMessage
    field: type = event
    field: event = <Gst.Event object at 0xffff86de7640 (GstEvent at 0xffff80002590)>
  [ELEMENT] name=GstNavigationMessage
    field: type = event
    field: event = <Gst.Event object at 0xffff86de76a0 (GstEvent at 0xffff80002600)>
  [ELEMENT] name=GstNavigationMessage
    field: type = event
    field: event = <Gst.Event object at 0xffff86de7640 (GstEvent at 0xffff80002670)>
  [ELEMENT] name=GstNavigationMessage
    field: type = event
    field: event = <Gst.Event object at 0xffff86de76a0 (GstEvent at 0xffff800026e0)>
  [ELEMENT] name=GstNavigationMessage
    field: type = event
    field: event = <Gst.Event object at 0xffff86de7640 (GstEvent at 0xffff80002750)>
  [ELEMENT] name=GstNavigationMessage
    field: type = event
    field: event = <Gst.Event object at 0xffff86de76a0 (GstEvent at 0xffff80004400)>
  [ELEMENT] name=GstNavigationMessage
    field: type = event
    field: event = <Gst.Event object at 0xffff86de7640 (GstEvent at 0xffff80004470)>
  [ELEMENT] name=GstNavigationMessage
    field: type = event
    field: event = <Gst.Event object at 0xffff86de76a0 (GstEvent at 0xffff800044e0)>
  [ELEMENT] name=GstNavigationMessage
    field: type = event
    field: event = <Gst.Event object at 0xffff86de7640 (GstEvent at 0xffff80004550)>
  [ELEMENT] name=GstNavigationMessage
    field: type = event
    field: event = <Gst.Event object at 0xffff86de76a0 (GstEvent at 0xffff800045c0)>
  [ELEMENT] name=GstNavigationMessage
    field: type = event
    field: event = <Gst.Event object at 0xffff86de7640 (GstEvent at 0xffff80004630)>
  [ELEMENT] name=GstNavigationMessage
    field: type = event
    field: event = <Gst.Event object at 0xffff86de76a0 (GstEvent at 0xffff800046a0)>
  [ELEMENT] name=GstNavigationMessage
    field: type = event
    field: event = <Gst.Event object at 0xffff86de7640 (GstEvent at 0xffff80004710)>
  [ELEMENT] name=GstNavigationMessage
    field: type = event
    field: event = <Gst.Event object at 0xffff86de76a0 (GstEvent at 0xffff80004c10)>
  [ELEMENT] name=GstNavigationMessage
    field: type = event
    field: event = <Gst.Event object at 0xffff86de7640 (GstEvent at 0xffff80004c80)>
  [ELEMENT] name=GstNavigationMessage
    field: type = event
    field: event = <Gst.Event object at 0xffff86de76a0 (GstEvent at 0xffff80001ed0)>
  [ELEMENT] name=GstNavigationMessage
    field: type = event
    field: event = <Gst.Event object at 0xffff86de7640 (GstEvent at 0xffff80001e60)>
  [ELEMENT] name=GstNavigationMessage
    field: type = event
    field: event = <Gst.Event object at 0xffff86de76a0 (GstEvent at 0xffff80001df0)>
  [ELEMENT] name=GstNavigationMessage
    field: type = event
    field: event = <Gst.Event object at 0xffff86de7640 (GstEvent at 0xffff80001d80)>
에러: Output window was closed
종료됨

